<?xml version="1.0" encoding="UTF-8"?>
<!-- Generated by org.testng.reporters.JUnitXMLReporter -->
<testsuite ignored="0" hostname="DESKTOP-TA34NI2" failures="1" tests="12" name="Test" time="353.846" errors="0" timestamp="07 Mar. 2022 03:28:32 GMT">
  <testcase classname="tests.AmazonLoginTest" name="a" time="0.0"/>
  <testcase classname="tests.PasswordPageTest" name="checkTitle" time="0.015"/>
  <testcase classname="tests.AmazonLoginTest" name="verifySigninLabel" time="0.04"/>
  <testcase classname="tests.PasswordPageTest" name="verifyEmailId" time="0.051"/>
  <testcase classname="tests.AmazonLoginTest" name="checkTitle" time="0.007"/>
  <testcase classname="tests.PasswordPageTest" name="enterWrongpassword" time="20.273">
    <failure type="org.openqa.selenium.NoSuchElementException" message="Unable to locate element: #signInSubmit1
For documentation on this error, please visit: https://www.seleniumhq.org/exceptions/no_such_element.html
Build info: version: &amp;apos;3.141.59&amp;apos;, revision: &amp;apos;e82be7d358&amp;apos;, time: &amp;apos;2018-11-14T08:17:03&amp;apos;
System info: host: &amp;apos;DESKTOP-TA34NI2&amp;apos;, ip: &amp;apos;192.168.87.236&amp;apos;, os.name: &amp;apos;Windows 10&amp;apos;, os.arch: &amp;apos;amd64&amp;apos;, os.version: &amp;apos;10.0&amp;apos;, java.version: &amp;apos;15.0.1&amp;apos;
Driver info: org.openqa.selenium.firefox.FirefoxDriver
Capabilities {acceptInsecureCerts: true, browserName: firefox, browserVersion: 97.0.2, javascriptEnabled: true, moz:accessibilityChecks: false, moz:buildID: 20220304162637, moz:geckodriverVersion: 0.30.0, moz:headless: false, moz:processID: 15384, moz:profile: C:\Users\Owner\AppData\Loca..., moz:shutdownTimeout: 60000, moz:useNonSpecCompliantPointerOrigin: false, moz:webdriverClick: true, pageLoadStrategy: normal, platform: WINDOWS, platformName: WINDOWS, platformVersion: 10.0, proxy: Proxy(), setWindowRect: true, strictFileInteractability: false, timeouts: {implicit: 0, pageLoad: 300000, script: 30000}, unhandledPromptBehavior: dismiss and notify}
Session ID: e6d4577c-5929-4d49-a86b-a3521f69bc50
*** Element info: {Using=id, value=signInSubmit1}">
      <![CDATA[org.openqa.selenium.NoSuchElementException: Unable to locate element: #signInSubmit1
For documentation on this error, please visit: https://www.seleniumhq.org/exceptions/no_such_element.html
Build info: version: '3.141.59', revision: 'e82be7d358', time: '2018-11-14T08:17:03'
System info: host: 'DESKTOP-TA34NI2', ip: '192.168.87.236', os.name: 'Windows 10', os.arch: 'amd64', os.version: '10.0', java.version: '15.0.1'
Driver info: org.openqa.selenium.firefox.FirefoxDriver
Capabilities {acceptInsecureCerts: true, browserName: firefox, browserVersion: 97.0.2, javascriptEnabled: true, moz:accessibilityChecks: false, moz:buildID: 20220304162637, moz:geckodriverVersion: 0.30.0, moz:headless: false, moz:processID: 15384, moz:profile: C:\Users\Owner\AppData\Loca..., moz:shutdownTimeout: 60000, moz:useNonSpecCompliantPointerOrigin: false, moz:webdriverClick: true, pageLoadStrategy: normal, platform: WINDOWS, platformName: WINDOWS, platformVersion: 10.0, proxy: Proxy(), setWindowRect: true, strictFileInteractability: false, timeouts: {implicit: 0, pageLoad: 300000, script: 30000}, unhandledPromptBehavior: dismiss and notify}
Session ID: e6d4577c-5929-4d49-a86b-a3521f69bc50
*** Element info: {Using=id, value=signInSubmit1}
	at org.openqa.selenium.remote.http.W3CHttpResponseCodec.createException(W3CHttpResponseCodec.java:187)
	at org.openqa.selenium.remote.http.W3CHttpResponseCodec.decode(W3CHttpResponseCodec.java:122)
	at org.openqa.selenium.remote.http.W3CHttpResponseCodec.decode(W3CHttpResponseCodec.java:49)
	at org.openqa.selenium.remote.HttpCommandExecutor.execute(HttpCommandExecutor.java:158)
	at org.openqa.selenium.remote.service.DriverCommandExecutor.execute(DriverCommandExecutor.java:83)
	at org.openqa.selenium.remote.RemoteWebDriver.execute(RemoteWebDriver.java:552)
	at org.openqa.selenium.remote.RemoteWebDriver.findElement(RemoteWebDriver.java:323)
	at org.openqa.selenium.remote.RemoteWebDriver.findElementById(RemoteWebDriver.java:372)
	at org.openqa.selenium.By$ById.findElement(By.java:188)
	at org.openqa.selenium.remote.RemoteWebDriver.findElement(RemoteWebDriver.java:315)
	at org.openqa.selenium.support.events.EventFiringWebDriver.lambda$new$1(EventFiringWebDriver.java:105)
	at com.sun.proxy.$Proxy11.findElement(Unknown Source)
	at org.openqa.selenium.support.events.EventFiringWebDriver.findElement(EventFiringWebDriver.java:194)
	at org.openqa.selenium.support.pagefactory.DefaultElementLocator.findElement(DefaultElementLocator.java:69)
	at org.openqa.selenium.support.pagefactory.internal.LocatingElementHandler.invoke(LocatingElementHandler.java:38)
	at com.sun.proxy.$Proxy15.click(Unknown Source)
	at pages.PasswordPage.enterWrongpassword(PasswordPage.java:39)
	at tests.PasswordPageTest.enterWrongpassword(PasswordPageTest.java:46)
... Removed 34 stack frames]]>
    </failure>
  </testcase> <!-- enterWrongpassword -->
  <testcase classname="tests.AmazonLoginTest" name="needHelp" time="0.404"/>
  <testcase classname="tests.AmazonLoginTest" name="verifyFooter" time="0.873"/>
  <testcase classname="tests.AmazonLoginTest" name="enterWrongEmail" time="1.694"/>
  <testcase classname="tests.AmazonLoginTest" name="enterWrongEmail" time="0.718"/>
  <testcase classname="tests.AmazonLoginTest" name="enterWrongEmail" time="0.502"/>
  <testcase classname="tests.AmazonLoginTest" name="enterEmail" time="0.47"/>
</testsuite> <!-- Test -->
